2025-12-02 20:16:21,597 - INFO - Starting TrickMyInstall Script
2025-12-02 20:16:21,599 - INFO - OS: Linux
2025-12-02 20:16:21,599 - INFO - Home Directory: /home/samurai
2025-12-02 20:16:21,617 - INFO - OS Info: ID=arch

2025-12-02 20:16:21,626 - INFO - OS Desktop: Hyprland

2025-12-02 20:16:21,628 - INFO - Creating Backup Directory for config files...
2025-12-02 20:16:21,628 - INFO - Backup Directory: /home/samurai/backup/
2025-12-02 20:16:21,630 - INFO - YAML Config File: none
2025-12-02 20:16:21,630 - INFO - Skip Items: 
2025-12-02 20:16:21,630 - INFO - Updating System...
2025-12-02 20:16:22,743 - INFO - Update Process Completed.
2025-12-02 20:16:22,743 - INFO - Installing Additional Packages...
2025-12-02 20:17:41,637 - INFO - Package Install Process Completed.
2025-12-02 20:17:41,637 - INFO - Installing Additional 3rd Party Packages...
2025-12-02 20:17:41,638 - INFO - 3rd Party Apps: ['None']
2025-12-02 20:17:41,638 - INFO - 3rd Party App Install Process Completed.
2025-12-02 20:17:41,638 - INFO - Updating system after 3rdParty App Install...
2025-12-02 20:17:42,705 - INFO - Update Process Completed.
2025-12-02 20:17:42,705 - INFO - Setting the default editor...
2025-12-02 20:17:42,711 - INFO - Vim Setup Process Completed.
2025-12-02 20:17:42,711 - INFO - Backing up configuration files...
2025-12-02 20:17:42,769 - INFO - Backup Process Completed.
2025-12-02 20:17:42,769 - INFO - Running Configuration Scripts...
2025-12-02 20:17:43,326 - INFO - Environment Setup Process Completed.
2025-12-02 20:17:43,326 - INFO - Setting up Samba Share...
2025-12-02 20:19:05,912 - INFO - Samba Share Setup Process Completed.
2025-12-02 20:19:05,912 - INFO - Performing File System Activities...
2025-12-02 20:19:05,935 - INFO - Package List Created.
2025-12-02 20:19:05,935 - INFO - Creating a Gnome Settings (dconf) in /home/samurai/backup/.
2025-12-02 20:19:05,939 - INFO - Gnome Settings (dconf) Created in /home/samurai/backup/.
2025-12-02 20:19:05,939 - INFO - Copying Wallpapers to Pictures directory...
2025-12-02 20:19:12,615 - INFO - Wallpapers Copied to: /home/samurai/Pictures/wallpapers.
2025-12-02 20:19:12,615 - INFO - Setting up Global git Config...
2025-12-02 20:19:15,034 - INFO - Global git config setup aborted.
2025-12-02 20:19:15,034 - INFO - Setting Hostname...
2025-12-02 20:19:17,531 - INFO - Hostname NOT changed.
2025-12-02 20:19:17,531 - INFO - Generating SSH Keys...
2025-12-02 20:19:17,533 - INFO - SSH Keys Generated.
2025-12-02 20:19:17,533 - INFO - Installation Complete!
